<?xml version="1.0" encoding="UTF-8"?>
<!-- Generated by org.testng.reporters.JUnitReportReporter -->
<testsuite skipped="0" hostname="LAPTOP-BUM46IKV" name="com.runnerfiles.RunnerFile" tests="3" failures="0" timestamp="2022-08-23T23:26:51 ICT" time="0.222" errors="0">
  <testcase name="runScenario" time="0.002" classname="com.runnerfiles.RunnerFile"/>
  <system-out/>
  <testcase name="runScenario" time="0.003" classname="com.runnerfiles.RunnerFile"/>
  <system-out/>
  <testcase name="runScenario" time="0.217" classname="com.runnerfiles.RunnerFile"/>
  <system-out/>
</testsuite> <!-- com.runnerfiles.RunnerFile -->
